<?xml version="1.0" encoding="UTF-8"?>
<!-- Generated by org.testng.reporters.JUnitReportReporter -->
<testsuite hostname="Lion" failures="0" tests="13" name="com.casestudy.cucumber.tests.CucumberRunnerTests" time="0.000" errors="0" timestamp="08 Aug 2025 03:13:32 GMT" skipped="13">
  <testcase classname="com.casestudy.cucumber.tests.CucumberRunnerTests" name="runScenario" time="0.000">
    <skipped/>
  </testcase> <!-- runScenario -->
  <testcase classname="com.casestudy.cucumber.tests.CucumberRunnerTests" name="runScenario" time="0.000">
    <skipped/>
  </testcase> <!-- runScenario -->
  <testcase classname="com.casestudy.cucumber.tests.CucumberRunnerTests" name="runScenario" time="0.000">
    <skipped/>
  </testcase> <!-- runScenario -->
  <testcase classname="com.casestudy.cucumber.tests.CucumberRunnerTests" name="runScenario" time="0.000">
    <skipped/>
  </testcase> <!-- runScenario -->
  <testcase classname="com.casestudy.cucumber.tests.CucumberRunnerTests" name="runScenario" time="0.000">
    <skipped/>
  </testcase> <!-- runScenario -->
  <testcase classname="com.casestudy.cucumber.tests.CucumberRunnerTests" name="runScenario" time="0.000">
    <skipped/>
  </testcase> <!-- runScenario -->
  <testcase classname="com.casestudy.cucumber.tests.CucumberRunnerTests" name="runScenario" time="0.000">
    <skipped/>
  </testcase> <!-- runScenario -->
  <testcase classname="com.casestudy.cucumber.tests.CucumberRunnerTests" name="runScenario" time="0.000">
    <skipped/>
  </testcase> <!-- runScenario -->
  <testcase classname="com.casestudy.cucumber.tests.CucumberRunnerTests" name="runScenario" time="0.000">
    <skipped/>
  </testcase> <!-- runScenario -->
  <testcase classname="com.casestudy.cucumber.tests.CucumberRunnerTests" name="runScenario" time="0.000">
    <skipped/>
  </testcase> <!-- runScenario -->
  <testcase classname="com.casestudy.cucumber.tests.CucumberRunnerTests" name="runScenario" time="0.000">
    <skipped/>
  </testcase> <!-- runScenario -->
  <testcase classname="com.casestudy.cucumber.tests.CucumberRunnerTests" name="runScenario" time="0.000">
    <skipped/>
  </testcase> <!-- runScenario -->
  <testcase classname="com.casestudy.cucumber.tests.CucumberRunnerTests" name="runScenario" time="0.000">
    <skipped/>
  </testcase> <!-- runScenario -->
</testsuite> <!-- com.casestudy.cucumber.tests.CucumberRunnerTests -->
