<?xml version="1.0" encoding="UTF-8"?>
<!-- Generated by org.testng.reporters.JUnitReportReporter -->
<testsuite hostname="Lion" failures="0" tests="2" name="com.casestudy.cucumber.parameterization.ParameterizationLoginUsingExcel" time="0.032" errors="1" timestamp="08 Aug 2025 03:13:32 GMT" skipped="1">
  <testcase classname="com.casestudy.cucumber.parameterization.ParameterizationLoginUsingExcel" name="testLoginPage" time="0.000">
    <skipped/>
  </testcase> <!-- testLoginPage -->
  <testcase classname="com.casestudy.cucumber.parameterization.ParameterizationLoginUsingExcel" name="setUp" time="0.032">
    <error message="Cannot invoke &quot;java.util.Properties.getProperty(String)&quot; because &quot;this.properties&quot; is null" type="java.lang.NullPointerException">
      <![CDATA[java.lang.NullPointerException: Cannot invoke "java.util.Properties.getProperty(String)" because "this.properties" is null
	at com.casestudy.cucumber.setup.ConfigFileReader.getDriverName(ConfigFileReader.java:43)
	at com.casestudy.cucumber.setup.DriverSetup.getDriver(DriverSetup.java:19)
	at com.casestudy.cucumber.parameterization.ParameterizationLoginUsingExcel.setUp(ParameterizationLoginUsingExcel.java:77)
	at java.base/jdk.internal.reflect.DirectMethodHandleAccessor.invoke(DirectMethodHandleAccessor.java:103)
	at java.base/java.lang.reflect.Method.invoke(Method.java:580)
	at org.testng.internal.MethodInvocationHelper.invokeMethod(MethodInvocationHelper.java:108)
	at org.testng.internal.Invoker.invokeConfigurationMethod(Invoker.java:523)
	at org.testng.internal.Invoker.invokeConfigurations(Invoker.java:224)
	at org.testng.internal.Invoker.invokeConfigurations(Invoker.java:146)
	at org.testng.TestRunner.beforeRun(TestRunner.java:626)
	at org.testng.TestRunner.run(TestRunner.java:594)
	at org.testng.SuiteRunner.runTest(SuiteRunner.java:380)
	at org.testng.SuiteRunner.runSequentially(SuiteRunner.java:375)
	at org.testng.SuiteRunner.privateRun(SuiteRunner.java:340)
	at org.testng.SuiteRunner.run(SuiteRunner.java:289)
	at org.testng.SuiteRunnerWorker.runSuite(SuiteRunnerWorker.java:52)
	at org.testng.SuiteRunnerWorker.run(SuiteRunnerWorker.java:86)
	at org.testng.TestNG.runSuitesSequentially(TestNG.java:1301)
	at org.testng.TestNG.runSuitesLocally(TestNG.java:1226)
	at org.testng.TestNG.runSuites(TestNG.java:1144)
	at org.testng.TestNG.run(TestNG.java:1115)
	at org.testng.remote.AbstractRemoteTestNG.run(AbstractRemoteTestNG.java:115)
	at org.testng.remote.RemoteTestNG.initAndRun(RemoteTestNG.java:251)
	at org.testng.remote.RemoteTestNG.main(RemoteTestNG.java:77)
]]>
    </error>
  </testcase> <!-- setUp -->
</testsuite> <!-- com.casestudy.cucumber.parameterization.ParameterizationLoginUsingExcel -->
